<?xml version="1.0" encoding="UTF-8"?>
<!-- Generated by org.testng.reporters.JUnitReportReporter -->
<testsuite hostname="ARUNPRIYA" failures="0" tests="1" name="Test.Demo" time="5.210" errors="0" timestamp="2021-05-30T20:52:20 IST" skipped="0">
  <testcase classname="Test.Demo" name="run" time="5.210"/>
  <system-out/>
</testsuite> <!-- Test.Demo -->
